<?xml version="1.0" encoding="UTF-8"?>
<testsuite name="AutowiredDoesNotRequireComponentScanTest" tests="2" skipped="0" failures="0" errors="0" timestamp="2021-02-21T12:00:32" hostname="xkizilx-TM1701" time="0.445">
  <properties/>
  <testcase name="testAnnotationConfigApplicationContext()" classname="AutowiredDoesNotRequireComponentScanTest" time="0.291"/>
  <testcase name="testClassPathXmlApplicationContext()" classname="AutowiredDoesNotRequireComponentScanTest" time="0.153"/>
  <system-out><![CDATA[]]></system-out>
  <system-err><![CDATA[]]></system-err>
</testsuite>
